<?xml version="1.0" encoding="UTF-8"?>
<!-- Generated by org.testng.reporters.JUnitXMLReporter -->
<testsuite hostname="DESKTOP-RUD9UKL" ignored="0" name="Default test" tests="3" failures="0" timestamp="11 Feb 2023 02:00:11 GMT" time="73.508" errors="0">
  <testcase name="ihgLogin" time="27.138" classname="com.testng.LoginHRMWorkingWithExcel"/>
  <testcase name="ihgLogin" time="18.7" classname="com.testng.LoginHRMWorkingWithExcel"/>
  <testcase name="ihgLogin" time="26.305" classname="com.testng.LoginHRMWorkingWithExcel"/>
</testsuite> <!-- Default test -->
