<?xml version="1.0" encoding="UTF-8"?>
<testng-results skipped="0" failed="0" ignored="0" total="1" passed="1">
  <reporter-output>
  </reporter-output>
  <suite name="Suite" duration-ms="28352" started-at="2023-02-15T01:44:57Z" finished-at="2023-02-15T01:45:26Z">
    <groups>
    </groups>
    <test name="Test" duration-ms="28352" started-at="2023-02-15T01:44:57Z" finished-at="2023-02-15T01:45:26Z">
      <class name="com.testng.ParameterConceptTest">
        <test-method status="PASS" signature="orangelogin(java.lang.String, java.lang.String)[pri:0, instance:com.testng.ParameterConceptTest@4e04a765]" name="orangelogin" duration-ms="28310" started-at="2023-02-15T01:44:57Z" finished-at="2023-02-15T01:45:26Z">
          <params>
            <param index="0">
              <value>
                <![CDATA[Admin]]>
              </value>
            </param>
            <param index="1">
              <value>
                <![CDATA[admin123]]>
              </value>
            </param>
          </params>
          <reporter-output>
          </reporter-output>
        </test-method> <!-- orangelogin -->
      </class> <!-- com.testng.ParameterConceptTest -->
    </test> <!-- Test -->
  </suite> <!-- Suite -->
</testng-results>
