<?xml version="1.0" encoding="UTF-8"?>
<testng-results skipped="0" failed="0" ignored="0" total="3" passed="3">
  <reporter-output>
  </reporter-output>
  <suite name="Default suite" duration-ms="73508" started-at="2023-02-11T01:58:57Z" finished-at="2023-02-11T02:00:11Z">
    <groups>
    </groups>
    <test name="Default test" duration-ms="73508" started-at="2023-02-11T01:58:57Z" finished-at="2023-02-11T02:00:11Z">
      <class name="com.testng.LoginHRMWorkingWithExcel">
        <test-method status="PASS" signature="ihgLogin(java.lang.String, java.lang.String)[pri:0, instance:com.testng.LoginHRMWorkingWithExcel@5e3a8624]" name="ihgLogin" duration-ms="27138" started-at="2023-02-11T01:58:58Z" data-provider="delhi" finished-at="2023-02-11T01:59:26Z">
          <params>
            <param index="0">
              <value>
                <![CDATA[Admin]]>
              </value>
            </param>
            <param index="1">
              <value>
                <![CDATA[admin123]]>
              </value>
            </param>
          </params>
          <reporter-output>
          </reporter-output>
        </test-method> <!-- ihgLogin -->
        <test-method status="PASS" signature="ihgLogin(java.lang.String, java.lang.String)[pri:0, instance:com.testng.LoginHRMWorkingWithExcel@5e3a8624]" name="ihgLogin" duration-ms="18700" started-at="2023-02-11T01:59:26Z" data-provider="delhi" finished-at="2023-02-11T01:59:44Z">
          <params>
            <param index="0">
              <value>
                <![CDATA[rama]]>
              </value>
            </param>
            <param index="1">
              <value>
                <![CDATA[krishna]]>
              </value>
            </param>
          </params>
          <reporter-output>
          </reporter-output>
        </test-method> <!-- ihgLogin -->
        <test-method status="PASS" signature="ihgLogin(java.lang.String, java.lang.String)[pri:0, instance:com.testng.LoginHRMWorkingWithExcel@5e3a8624]" name="ihgLogin" duration-ms="26305" started-at="2023-02-11T01:59:44Z" data-provider="delhi" finished-at="2023-02-11T02:00:11Z">
          <params>
            <param index="0">
              <value>
                <![CDATA[lavanya]]>
              </value>
            </param>
            <param index="1">
              <value>
                <![CDATA[anuradha]]>
              </value>
            </param>
          </params>
          <reporter-output>
          </reporter-output>
        </test-method> <!-- ihgLogin -->
      </class> <!-- com.testng.LoginHRMWorkingWithExcel -->
    </test> <!-- Default test -->
  </suite> <!-- Default suite -->
</testng-results>
